#
# There is insufficient memory for the Java Runtime Environment to continue.
# Native memory allocation (mmap) failed to map 134217728 bytes for G1 virtual space
# Possible reasons:
#   The system is out of physical RAM or swap space
#   The process is running with CompressedOops enabled, and the Java Heap may be blocking the growth of the native heap
# Possible solutions:
#   Reduce memory load on the system
#   Increase physical memory or swap space
#   Check if swap backing store is full
#   Decrease Java heap size (-Xmx/-Xms)
#   Decrease number of Java threads
#   Decrease Java thread stack sizes (-Xss)
#   Set larger code cache with -XX:ReservedCodeCacheSize=
#   JVM is running with Unscaled Compressed Oops mode in which the Java heap is
#     placed in the first 4GB address space. The Java Heap base address is the
#     maximum limit for the native heap growth. Please use -XX:HeapBaseMinAddress
#     to set the Java Heap base and to place the Java Heap above 4GB virtual address.
# This output file may be truncated or incomplete.
#
#  Out of Memory Error (os_windows.cpp:3469), pid=7616, tid=23900
#
# JRE version:  (17.0.1+12) (build )
# Java VM: OpenJDK 64-Bit Server VM (17.0.1+12, mixed mode, sharing, tiered, compressed oops, compressed class ptrs, g1 gc, windows-amd64)
# No core dump will be written. Minidumps are not enabled by default on client versions of Windows
#

---------------  S U M M A R Y ------------

Command Line: -Dfile.encoding=windows-1252 --module-path=C:\Users\honey\eclipse-workspace\FoodBill\bin -XX:+ShowCodeDetailsInExceptionMessages -Djdk.module.main=FoodBill FoodBill/Bill.ShoppingBill

Host: Intel(R) Core(TM) i5-8250U CPU @ 1.60GHz, 8 cores, 7G,  Windows 10 , 64 bit Build 22621 (10.0.22621.608)
Time: Sun Oct 16 23:20:09 2022 India Standard Time elapsed time: 0.057539 seconds (0d 0h 0m 0s)

---------------  T H R E A D  ---------------

Current thread (0x000001fed408e980):  JavaThread "Unknown thread" [_thread_in_vm, id=23900, stack(0x00000026b4800000,0x00000026b4900000)]

Stack: [0x00000026b4800000,0x00000026b4900000]
Native frames: (J=compiled Java code, j=interpreted, Vv=VM code, C=native code)
V  [jvm.dll+0x6744da]
V  [jvm.dll+0x82e144]
V  [jvm.dll+0x82f8ee]
V  [jvm.dll+0x82ff53]
V  [jvm.dll+0x245175]
V  [jvm.dll+0x6714c9]
V  [jvm.dll+0x665f92]
V  [jvm.dll+0x303c3b]
V  [jvm.dll+0x30b176]
V  [jvm.dll+0x35af1e]
V  [jvm.dll+0x35b14f]
V  [jvm.dll+0x2dab78]
V  [jvm.dll+0x2dbae4]
V  [jvm.dll+0x7ffdf1]
V  [jvm.dll+0x368c91]
V  [jvm.dll+0x7df2cc]
V  [jvm.dll+0x3eb59f]
V  [jvm.dll+0x3ed121]
C  [jli.dll+0x5277]
C  [ucrtbase.dll+0x29363]
C  [KERNEL32.DLL+0x1244d]
C  [ntdll.dll+0x5df78]


---------------  P R O C E S S  ---------------

Threads class SMR info:
_java_thread_list=0x00007ffe499e4e58, length=0, elements={
}

Java Threads: ( => current thread )

Other Threads:
  0x000001fed40cde50 GCTaskThread "GC Thread#0" [stack: 0x00000026b4900000,0x00000026b4a00000] [id=22964]
  0x000001fed40def20 ConcurrentGCThread "G1 Main Marker" [stack: 0x00000026b4a00000,0x00000026b4b00000] [id=11376]
  0x000001fed40df6e0 ConcurrentGCThread "G1 Conc#0" [stack: 0x00000026b4b00000,0x00000026b4c00000] [id=16404]

[error occurred during error reporting (printing all threads), id 0xc0000005, EXCEPTION_ACCESS_VIOLATION (0xc0000005) at pc=0x00007ffe491bb5f7]

VM state: not at safepoint (not fully initialized)

VM Mutex/Monitor currently owned by a thread:  ([mutex/lock_event])
[0x000001fed408b790] Heap_lock - owner thread: 0x000001fed408e980

Heap address: 0x0000000081e00000, size: 2018 MB, Compressed Oops mode: 32-bit

CDS archive(s) mapped at: [0x0000000000000000-0x0000000000000000-0x0000000000000000), size 0, SharedBaseAddress: 0x0000000800000000, ArchiveRelocationMode: 0.
Narrow klass base: 0x0000000000000000, Narrow klass shift: 0, Narrow klass range: 0x0

GC Precious Log:
<Empty>

Heap:
 garbage-first heap   total 0K, used 0K [0x0000000081e00000, 0x0000000100000000)
  region size 1024K, 0 young (0K), 0 survivors (0K)

[error occurred during error reporting (printing heap information), id 0xc0000005, EXCEPTION_ACCESS_VIOLATION (0xc0000005) at pc=0x00007ffe4959d729]

GC Heap History (0 events):
No events

Deoptimization events (0 events):
No events

Classes unloaded (0 events):
No events

Classes redefined (0 events):
No events

Internal exceptions (0 events):
No events

VM Operations (0 events):
No events

Events (1 events):
Event: 0.016 Loaded shared library G:\New Folder\JAVA\eclipse-java-2021-12-R-win32-x86_64\eclipse\plugins\org.eclipse.justj.openjdk.hotspot.jre.full.win32.x86_64_17.0.1.v20211116-1657\jre\bin\java.dll


Dynamic libraries:
0x00007ff71e0f0000 - 0x00007ff71e0fe000 	G:\New Folder\JAVA\eclipse-java-2021-12-R-win32-x86_64\eclipse\plugins\org.eclipse.justj.openjdk.hotspot.jre.full.win32.x86_64_17.0.1.v20211116-1657\jre\bin\javaw.exe
0x00007ffed08f0000 - 0x00007ffed0b04000 	C:\WINDOWS\SYSTEM32\ntdll.dll
0x00007ffecf810000 - 0x00007ffecf8d2000 	C:\WINDOWS\System32\KERNEL32.DLL
0x00007ffece2e0000 - 0x00007ffece67c000 	C:\WINDOWS\System32\KERNELBASE.dll
0x00007ffecdf30000 - 0x00007ffece041000 	C:\WINDOWS\System32\ucrtbase.dll
0x00007ffec59e0000 - 0x00007ffec59f9000 	G:\New Folder\JAVA\eclipse-java-2021-12-R-win32-x86_64\eclipse\plugins\org.eclipse.justj.openjdk.hotspot.jre.full.win32.x86_64_17.0.1.v20211116-1657\jre\bin\VCRUNTIME140.dll
0x00007ffec55c0000 - 0x00007ffec55d8000 	G:\New Folder\JAVA\eclipse-java-2021-12-R-win32-x86_64\eclipse\plugins\org.eclipse.justj.openjdk.hotspot.jre.full.win32.x86_64_17.0.1.v20211116-1657\jre\bin\jli.dll
0x00007ffed0000000 - 0x00007ffed01aa000 	C:\WINDOWS\System32\USER32.dll
0x00007ffecdd20000 - 0x00007ffecdd46000 	C:\WINDOWS\System32\win32u.dll
0x00007ffebf240000 - 0x00007ffebf4ce000 	C:\WINDOWS\WinSxS\amd64_microsoft.windows.common-controls_6595b64144ccf1df_6.0.22621.608_none_a9444ca7c10bb01d\COMCTL32.dll
0x00007ffed0750000 - 0x00007ffed07f7000 	C:\WINDOWS\System32\msvcrt.dll
0x00007ffecf380000 - 0x00007ffecf3a9000 	C:\WINDOWS\System32\GDI32.dll
0x00007ffecde10000 - 0x00007ffecdf22000 	C:\WINDOWS\System32\gdi32full.dll
0x00007ffece240000 - 0x00007ffece2da000 	C:\WINDOWS\System32\msvcp_win.dll
0x00007ffecf2c0000 - 0x00007ffecf2f1000 	C:\WINDOWS\System32\IMM32.DLL
0x00007ffecacf0000 - 0x00007ffecacfc000 	G:\New Folder\JAVA\eclipse-java-2021-12-R-win32-x86_64\eclipse\plugins\org.eclipse.justj.openjdk.hotspot.jre.full.win32.x86_64_17.0.1.v20211116-1657\jre\bin\vcruntime140_1.dll
0x00007ffea9b40000 - 0x00007ffea9bd1000 	G:\New Folder\JAVA\eclipse-java-2021-12-R-win32-x86_64\eclipse\plugins\org.eclipse.justj.openjdk.hotspot.jre.full.win32.x86_64_17.0.1.v20211116-1657\jre\bin\msvcp140.dll
0x00007ffe48ed0000 - 0x00007ffe49b16000 	G:\New Folder\JAVA\eclipse-java-2021-12-R-win32-x86_64\eclipse\plugins\org.eclipse.justj.openjdk.hotspot.jre.full.win32.x86_64_17.0.1.v20211116-1657\jre\bin\server\jvm.dll
0x00007ffed0800000 - 0x00007ffed08ae000 	C:\WINDOWS\System32\ADVAPI32.dll
0x00007ffecf3b0000 - 0x00007ffecf454000 	C:\WINDOWS\System32\sechost.dll
0x00007ffecf9e0000 - 0x00007ffecfaf5000 	C:\WINDOWS\System32\RPCRT4.dll
0x00007ffecf460000 - 0x00007ffecf468000 	C:\WINDOWS\System32\PSAPI.DLL
0x00007ffec8c40000 - 0x00007ffec8c49000 	C:\WINDOWS\SYSTEM32\WSOCK32.dll
0x00007ffebd7a0000 - 0x00007ffebd7d4000 	C:\WINDOWS\SYSTEM32\WINMM.dll
0x00007ffecf300000 - 0x00007ffecf371000 	C:\WINDOWS\System32\WS2_32.dll
0x00007ffec9a60000 - 0x00007ffec9a6a000 	C:\WINDOWS\SYSTEM32\VERSION.dll
0x00007ffeccda0000 - 0x00007ffeccdb8000 	C:\WINDOWS\SYSTEM32\kernel.appcore.dll
0x00007ffeca780000 - 0x00007ffeca78a000 	G:\New Folder\JAVA\eclipse-java-2021-12-R-win32-x86_64\eclipse\plugins\org.eclipse.justj.openjdk.hotspot.jre.full.win32.x86_64_17.0.1.v20211116-1657\jre\bin\jimage.dll
0x00007ffec6ed0000 - 0x00007ffec70fe000 	C:\WINDOWS\SYSTEM32\DBGHELP.DLL
0x00007ffece6f0000 - 0x00007ffecea79000 	C:\WINDOWS\System32\combase.dll
0x00007ffecf730000 - 0x00007ffecf807000 	C:\WINDOWS\System32\OLEAUT32.dll
0x00007ffec6830000 - 0x00007ffec6862000 	C:\WINDOWS\SYSTEM32\dbgcore.DLL
0x00007ffece1c0000 - 0x00007ffece23b000 	C:\WINDOWS\System32\bcryptPrimitives.dll
0x00007ffec1e40000 - 0x00007ffec1e65000 	G:\New Folder\JAVA\eclipse-java-2021-12-R-win32-x86_64\eclipse\plugins\org.eclipse.justj.openjdk.hotspot.jre.full.win32.x86_64_17.0.1.v20211116-1657\jre\bin\java.dll

dbghelp: loaded successfully - version: 4.0.5 - missing functions: none
symbol engine: initialized successfully - sym options: 0x614 - pdb path: .;G:\New Folder\JAVA\eclipse-java-2021-12-R-win32-x86_64\eclipse\plugins\org.eclipse.justj.openjdk.hotspot.jre.full.win32.x86_64_17.0.1.v20211116-1657\jre\bin;C:\WINDOWS\SYSTEM32;C:\WINDOWS\WinSxS\amd64_microsoft.windows.common-controls_6595b64144ccf1df_6.0.22621.608_none_a9444ca7c10bb01d;G:\New Folder\JAVA\eclipse-java-2021-12-R-win32-x86_64\eclipse\plugins\org.eclipse.justj.openjdk.hotspot.jre.full.win32.x86_64_17.0.1.v20211116-1657\jre\bin\server

VM Arguments:
jvm_args: -Dfile.encoding=windows-1252 --module-path=C:\Users\honey\eclipse-workspace\FoodBill\bin -XX:+ShowCodeDetailsInExceptionMessages -Djdk.module.main=FoodBill 
java_command: FoodBill/Bill.ShoppingBill
java_class_path (initial): <not set>
Launcher Type: SUN_STANDARD

[Global flags]
     intx CICompilerCount                          = 4                                         {product} {ergonomic}
     uint ConcGCThreads                            = 2                                         {product} {ergonomic}
     uint G1ConcRefinementThreads                  = 8                                         {product} {ergonomic}
   size_t G1HeapRegionSize                         = 1048576                                   {product} {ergonomic}
    uintx GCDrainStackTargetSize                   = 64                                        {product} {ergonomic}
   size_t InitialHeapSize                          = 134217728                                 {product} {ergonomic}
   size_t MarkStackSize                            = 4194304                                   {product} {ergonomic}
   size_t MaxHeapSize                              = 2116026368                                {product} {ergonomic}
   size_t MinHeapDeltaBytes                        = 1048576                                   {product} {ergonomic}
   size_t MinHeapSize                              = 8388608                                   {product} {ergonomic}
    uintx NonNMethodCodeHeapSize                   = 5839372                                {pd product} {ergonomic}
    uintx NonProfiledCodeHeapSize                  = 122909434                              {pd product} {ergonomic}
    uintx ProfiledCodeHeapSize                     = 122909434                              {pd product} {ergonomic}
    uintx ReservedCodeCacheSize                    = 251658240                              {pd product} {ergonomic}
     bool SegmentedCodeCache                       = true                                      {product} {ergonomic}
     bool ShowCodeDetailsInExceptionMessages       = true                                   {manageable} {command line}
   size_t SoftMaxHeapSize                          = 2116026368                             {manageable} {ergonomic}
     bool UseCompressedClassPointers               = true                           {product lp64_product} {ergonomic}
     bool UseCompressedOops                        = true                           {product lp64_product} {ergonomic}
     bool UseG1GC                                  = true                                      {product} {ergonomic}
     bool UseLargePagesIndividualAllocation        = false                                  {pd product} {ergonomic}

Logging:
Log output configuration:
 #0: stdout all=warning uptime,level,tags
 #1: stderr all=off uptime,level,tags

Environment Variables:
PATH=C:/Users/honey/.p2/pool/plugins/org.eclipse.justj.openjdk.hotspot.jre.full.win32.x86_64_17.0.4.v20221004-1257/jre/bin/server;C:/Users/honey/.p2/pool/plugins/org.eclipse.justj.openjdk.hotspot.jre.full.win32.x86_64_17.0.4.v20221004-1257/jre/bin;C:\Program Files\Common Files\Oracle\Java\javapath;C:\Program Files (x86)\Common Files\Oracle\Java\javapath;C:\Windows\system32;C:\Windows;C:\Windows\System32\Wbem;C:\Windows\System32\WindowsPowerShell\v1.0\;C:\Windows\System32\OpenSSH\;C:\Program Files\NVIDIA Corporation\NVIDIA NvDLISR;C:\Program Files (x86)\NVIDIA Corporation\PhysX\Common;C:\WINDOWS\system32;C:\WINDOWS;C:\WINDOWS\System32\Wbem;C:\WINDOWS\System32\WindowsPowerShell\v1.0\;C:\WINDOWS\System32\OpenSSH\;C:\Program Files\MySQL\MySQL Shell 8.0\bin\;C:\Users\honey\AppData\Local\Microsoft\WindowsApps;C:\ProgramData\honey\atom\bin;%USERPROFILE%\AppData\Local\Microsoft\WindowsApps;;C:\Users\honey\Desktop;
USERNAME=honey
OS=Windows_NT
PROCESSOR_IDENTIFIER=Intel64 Family 6 Model 142 Stepping 10, GenuineIntel



---------------  S Y S T E M  ---------------

OS:
 Windows 10 , 64 bit Build 22621 (10.0.22621.608)
OS uptime: 1 days 12:20 hours

CPU: total 8 (initial active 8) (4 cores per cpu, 2 threads per core) family 6 model 142 stepping 10 microcode 0xe0, cx8, cmov, fxsr, ht, mmx, 3dnowpref, sse, sse2, sse3, ssse3, sse4.1, sse4.2, popcnt, lzcnt, tsc, tscinvbit, avx, avx2, aes, erms, clmul, bmi1, bmi2, adx, fma, vzeroupper, clflush, clflushopt

Memory: 4k page, system-wide physical 8066M (1021M free)
TotalPageFile size 32642M (AvailPageFile size 19M)
current process WorkingSet (physical memory assigned to process): 11M, peak: 11M
current process commit charge ("private bytes"): 60M, peak: 188M

vm_info: OpenJDK 64-Bit Server VM (17.0.1+12) for windows-amd64 JRE (17.0.1+12), built on Oct 20 2021 07:42:55 by "" with MS VC++ 16.7 (VS2019)

END.
